Arguments: 
  C:\Program Files\nodejs\node.exe C:\Users\User\AppData\Roaming\npm\node_modules\yarn\bin\yarn.js

PATH: 
  C:\WINDOWS\system32;C:\WINDOWS;C:\WINDOWS\System32\Wbem;C:\WINDOWS\System32\WindowsPowerShell\v1.0\;C:\Program Files\nodejs\;C:\Program Files\Git\cmd;C:\Program Files\Git\mingw64\bin;C:\Program Files\Git\usr\bin;C:\Users\User\AppData\Local\Programs\Python\Python311\Scripts\;C:\Users\User\AppData\Local\Programs\Python\Python311\;C:\Users\User\AppData\Local\Microsoft\WindowsApps;C:\Users\User\AppData\Roaming\npm;C:\Users\User\AppData\Local\Programs\Microsoft VS Code\bin

Yarn version: 
  1.22.19

Node version: 
  20.4.0

Platform: 
  win32 x64

Trace: 
  Error: https://registry.yarnpkg.com/@fortawesome/free-solid-svg-icons/-/free-solid-svg-icons-6.4.0.tgz: ESOCKETTIMEDOUT
      at ClientRequest.<anonymous> (C:\Users\User\AppData\Roaming\npm\node_modules\yarn\lib\cli.js:141517:19)
      at Object.onceWrapper (node:events:626:28)
      at ClientRequest.emit (node:events:512:28)
      at TLSSocket.emitRequestTimeout (node:_http_client:840:9)
      at Object.onceWrapper (node:events:626:28)
      at TLSSocket.emit (node:events:524:35)
      at Socket._onTimeout (node:net:586:8)
      at listOnTimeout (node:internal/timers:573:17)
      at process.processTimers (node:internal/timers:514:7)

npm manifest: 
  {
    "name": "brainsculpt",
    "version": "1.0.0",
    "main": "node_modules/expo/AppEntry.js",
    "scripts": {
      "start": "expo start",
      "android": "expo start --android",
      "ios": "expo start --ios",
      "web": "expo start --web",
      "test": "jest"
    },
    "jest": {
      "preset": "jest-expo",
      "transformIgnorePatterns": [
        "node_modules/(?!((jest-)?react-native|@react-native(-community)?)|expo(nent)?|@expo(nent)?/.*|@expo-google-fonts/.*|react-navigation|@react-navigation/.*|@unimodules/.*|unimodules|sentry-expo|native-base|react-native-svg)"
      ]
    },
    "dependencies": {
      "@expo/vector-icons": "^13.0.0",
      "@expo/webpack-config": "^18.0.1",
      "@fortawesome/fontawesome-svg-core": "^6.4.0",
      "@fortawesome/free-solid-svg-icons": "^6.4.0",
      "@fortawesome/react-native-fontawesome": "^0.3.0",
      "@react-navigation/bottom-tabs": "^6.5.8",
      "@react-navigation/native": "^6.1.7",
      "@react-navigation/native-stack": "^6.9.13",
      "@reduxjs/toolkit": "^1.9.5",
      "expo": "~48.0.18",
      "expo-font": "~11.1.1",
      "expo-status-bar": "~1.4.4",
      "expo-updates": "~0.16.4",
      "jest": "^29.2.1",
      "jest-expo": "^49.0.0",
      "lottie-react-native": "5.1.4",
      "nativewind": "^2.0.11",
      "react": "18.2.0",
      "react-dom": "18.2.0",
      "react-native": "0.71.8",
      "react-native-fast-image": "^8.6.3",
      "react-native-svg": "13.4.0",
      "react-native-web": "~0.18.10",
      "react-redux": "^8.1.1",
      "tailwindcss": "^3.3.2"
    },
    "devDependencies": {
      "@babel/core": "^7.20.0"
    },
    "private": true
  }

yarn manifest: 
  No manifest

Lockfile: 
  No lockfile
